<?xml version="1.0" encoding="UTF-8"?>
<!-- Generated by org.testng.reporters.JUnitXMLReporter -->
<testsuite ignored="0" hostname="Bikash" failures="0" tests="3" name="Homepage Test" time="24.123" errors="0" timestamp="13 Feb 2020 17:37:08 GMT">
  <testcase classname="com_TestCase.HomePage_TestCase" name="companiesButtonPresentValidation" time="13.008"/>
  <testcase classname="com_TestCase.HomePage_TestCase" name="buttonsPresentValidation" time="0.47"/>
  <testcase classname="com_TestCase.HomePage_TestCase" name="CombinedButtonClickValidation" time="0.289"/>
</testsuite> <!-- Homepage Test -->
