<?xml version="1.0" encoding="UTF-8"?>
<!-- Generated by org.testng.reporters.JUnitXMLReporter -->
<testsuite ignored="0" hostname="Bikash" failures="0" tests="3" name="Login test" time="32.058" errors="0" timestamp="20 Apr 2020 15:04:34 GMT">
  <testcase classname="com_TestCase.LoginPage_TestCase" name="loginPageTitleValidation" time="5.824"/>
  <testcase classname="com_TestCase.LoginPage_TestCase" name="LoginPageUIValidation" time="0.377"/>
  <testcase classname="com_TestCase.LoginPage_TestCase" name="LoginValidation" time="13.317"/>
</testsuite> <!-- Login test -->
