<?xml version="1.0" encoding="UTF-8"?>
<!-- Generated by org.testng.reporters.JUnitXMLReporter -->
<testsuite hostname="Bikash" ignored="0" name="Login test" tests="3" failures="0" timestamp="10 Jul 2020 01:51:20 GMT" time="22.935" errors="0">
  <testcase name="loginPageTitleValidation" time="6.711" classname="com_TestCase.LoginPage_TestCase"/>
  <testcase name="LoginPageUIValidation" time="0.171" classname="com_TestCase.LoginPage_TestCase"/>
  <testcase name="LoginValidation" time="5.485" classname="com_TestCase.LoginPage_TestCase"/>
</testsuite> <!-- Login test -->
