<?xml version="1.0" encoding="UTF-8"?>
<!-- Generated by org.testng.reporters.JUnitXMLReporter -->
<testsuite hostname="Bikash" ignored="0" name="Default test" tests="3" failures="0" timestamp="13 Jul 2020 02:24:57 GMT" time="20.711" errors="0">
  <testcase name="loginPageTitleValidation" time="6.577" classname="com_TestCase.LoginPage_TestCase"/>
  <testcase name="LoginPageUIValidation" time="0.297" classname="com_TestCase.LoginPage_TestCase"/>
  <testcase name="LoginValidation" time="6.841" classname="com_TestCase.LoginPage_TestCase"/>
</testsuite> <!-- Default test -->
