<?xml version="1.0" encoding="UTF-8"?>
<testng-results ignored="0" total="7" passed="7" failed="0" skipped="0">
  <reporter-output>
  </reporter-output>
  <suite started-at="2020-02-13T17:36:19Z" name="automation suite" finished-at="2020-02-13T17:37:33Z" duration-ms="73599">
    <groups>
    </groups>
    <test started-at="2020-02-13T17:36:19Z" name="Login test" finished-at="2020-02-13T17:36:44Z" duration-ms="24142">
      <class name="com_TestCase.LoginPage_TestCase">
        <test-method is-config="true" signature="Setup()[pri:0, instance:com_TestCase.LoginPage_TestCase@4450d156]" started-at="2020-02-13T17:36:20Z" name="Setup" finished-at="2020-02-13T17:36:30Z" duration-ms="10525" status="PASS">
          <reporter-output>
          </reporter-output>
        </test-method> <!-- Setup -->
        <test-method signature="loginPageTitleValidation()[pri:1, instance:com_TestCase.LoginPage_TestCase@4450d156]" started-at="2020-02-13T17:36:30Z" name="loginPageTitleValidation" finished-at="2020-02-13T17:36:35Z" duration-ms="4801" status="PASS">
          <reporter-output>
          </reporter-output>
        </test-method> <!-- loginPageTitleValidation -->
        <test-method signature="LoginPageUIValidation()[pri:2, instance:com_TestCase.LoginPage_TestCase@4450d156]" started-at="2020-02-13T17:36:35Z" name="LoginPageUIValidation" finished-at="2020-02-13T17:36:35Z" duration-ms="432" status="PASS">
          <reporter-output>
          </reporter-output>
        </test-method> <!-- LoginPageUIValidation -->
        <test-method signature="LoginValidation()[pri:3, instance:com_TestCase.LoginPage_TestCase@4450d156]" started-at="2020-02-13T17:36:35Z" name="LoginValidation" finished-at="2020-02-13T17:36:43Z" duration-ms="7221" status="PASS">
          <reporter-output>
          </reporter-output>
        </test-method> <!-- LoginValidation -->
        <test-method is-config="true" signature="tearDown()[pri:0, instance:com_TestCase.LoginPage_TestCase@4450d156]" started-at="2020-02-13T17:36:43Z" name="tearDown" finished-at="2020-02-13T17:36:44Z" duration-ms="814" status="PASS">
          <reporter-output>
          </reporter-output>
        </test-method> <!-- tearDown -->
      </class> <!-- com_TestCase.LoginPage_TestCase -->
    </test> <!-- Login test -->
    <test started-at="2020-02-13T17:36:44Z" name="Homepage Test" finished-at="2020-02-13T17:37:08Z" duration-ms="24123">
      <class name="com_TestCase.HomePage_TestCase">
        <test-method is-config="true" signature="Setup()[pri:0, instance:com_TestCase.HomePage_TestCase@2ea6137]" started-at="2020-02-13T17:36:44Z" name="Setup" finished-at="2020-02-13T17:36:54Z" duration-ms="9453" status="PASS">
          <reporter-output>
          </reporter-output>
        </test-method> <!-- Setup -->
        <test-method signature="companiesButtonPresentValidation()[pri:1, instance:com_TestCase.HomePage_TestCase@2ea6137]" started-at="2020-02-13T17:36:54Z" name="companiesButtonPresentValidation" finished-at="2020-02-13T17:37:07Z" duration-ms="13008" status="PASS">
          <reporter-output>
          </reporter-output>
        </test-method> <!-- companiesButtonPresentValidation -->
        <test-method signature="buttonsPresentValidation()[pri:2, instance:com_TestCase.HomePage_TestCase@2ea6137]" started-at="2020-02-13T17:37:07Z" name="buttonsPresentValidation" finished-at="2020-02-13T17:37:07Z" duration-ms="470" status="PASS">
          <reporter-output>
          </reporter-output>
        </test-method> <!-- buttonsPresentValidation -->
        <test-method signature="CombinedButtonClickValidation()[pri:3, instance:com_TestCase.HomePage_TestCase@2ea6137]" started-at="2020-02-13T17:37:07Z" name="CombinedButtonClickValidation" finished-at="2020-02-13T17:37:07Z" duration-ms="289" status="PASS">
          <reporter-output>
          </reporter-output>
        </test-method> <!-- CombinedButtonClickValidation -->
        <test-method is-config="true" signature="tearDown()[pri:0, instance:com_TestCase.HomePage_TestCase@2ea6137]" started-at="2020-02-13T17:37:07Z" name="tearDown" finished-at="2020-02-13T17:37:08Z" duration-ms="833" status="PASS">
          <reporter-output>
          </reporter-output>
        </test-method> <!-- tearDown -->
      </class> <!-- com_TestCase.HomePage_TestCase -->
    </test> <!-- Homepage Test -->
    <test started-at="2020-02-13T17:37:08Z" name="Combined test" finished-at="2020-02-13T17:37:33Z" duration-ms="24709">
      <class name="com_TestCase.CombinedPage_TestCase">
        <test-method is-config="true" signature="Setup()[pri:0, instance:com_TestCase.CombinedPage_TestCase@64c87930]" started-at="2020-02-13T17:37:08Z" name="Setup" finished-at="2020-02-13T17:37:18Z" duration-ms="9516" status="PASS">
          <reporter-output>
          </reporter-output>
        </test-method> <!-- Setup -->
        <test-method signature="backButtonValidation()[pri:0, instance:com_TestCase.CombinedPage_TestCase@64c87930]" started-at="2020-02-13T17:37:18Z" name="backButtonValidation" finished-at="2020-02-13T17:37:32Z" duration-ms="14396" status="PASS">
          <reporter-output>
          </reporter-output>
        </test-method> <!-- backButtonValidation -->
        <test-method is-config="true" signature="tearDown()[pri:0, instance:com_TestCase.CombinedPage_TestCase@64c87930]" started-at="2020-02-13T17:37:32Z" name="tearDown" finished-at="2020-02-13T17:37:33Z" duration-ms="790" status="PASS">
          <reporter-output>
          </reporter-output>
        </test-method> <!-- tearDown -->
      </class> <!-- com_TestCase.CombinedPage_TestCase -->
    </test> <!-- Combined test -->
  </suite> <!-- automation suite -->
</testng-results>
