<?xml version="1.0" encoding="UTF-8"?>
<testsuite xmlns:xsi="http://www.w3.org/2001/XMLSchema-instance" xsi:noNamespaceSchemaLocation="https://maven.apache.org/surefire/maven-surefire-plugin/xsd/surefire-test-report-3.0.xsd" version="3.0" name="TestSuite" time="74.892" tests="7" errors="0" skipped="0" failures="0">
  <properties>
[...]
</properties>
  <testcase name="loginPageTitleValidation" classname="com_TestCase.LoginPage_TestCase" time="4.828"/>
  <testcase name="LoginPageUIValidation" classname="com_TestCase.LoginPage_TestCase" time="0.427"/>
  <testcase name="LoginValidation" classname="com_TestCase.LoginPage_TestCase" time="7.23"/>
  <testcase name="companiesButtonPresentValidation" classname="com_TestCase.HomePage_TestCase" time="13.016"/>
  <testcase name="buttonsPresentValidation" classname="com_TestCase.HomePage_TestCase" time="0.473"/>
  <testcase name="CombinedButtonClickValidation" classname="com_TestCase.HomePage_TestCase" time="0.31"/>
  <testcase name="backButtonValidation" classname="com_TestCase.CombinedPage_TestCase" time="14.413"/>
</testsuite>