<?xml version="1.0" encoding="UTF-8"?>
<!-- Generated by org.testng.reporters.JUnitXMLReporter -->
<testsuite ignored="0" hostname="Bikash" failures="0" tests="3" name="Login test" time="22.294" errors="0" timestamp="13 Feb 2020 18:16:26 GMT">
  <testcase classname="com_TestCase.LoginPage_TestCase" name="loginPageTitleValidation" time="4.244"/>
  <testcase classname="com_TestCase.LoginPage_TestCase" name="LoginPageUIValidation" time="0.196"/>
  <testcase classname="com_TestCase.LoginPage_TestCase" name="LoginValidation" time="7.34"/>
</testsuite> <!-- Login test -->
