<?xml version="1.0" encoding="UTF-8"?>
<testng-results skipped="0" failed="0" ignored="0" total="3" passed="3">
  <reporter-output>
  </reporter-output>
  <suite name="Default suite" duration-ms="20711" started-at="2020-07-13T02:24:37Z" finished-at="2020-07-13T02:24:57Z">
    <groups>
    </groups>
    <test name="Default test" duration-ms="20711" started-at="2020-07-13T02:24:37Z" finished-at="2020-07-13T02:24:57Z">
      <class name="com_TestCase.LoginPage_TestCase">
        <test-method status="PASS" signature="Setup()[pri:0, instance:com_TestCase.LoginPage_TestCase@1bce4f0a]" name="Setup" is-config="true" duration-ms="6231" started-at="2020-07-13T02:24:37Z" finished-at="2020-07-13T02:24:43Z">
          <reporter-output>
          </reporter-output>
        </test-method> <!-- Setup -->
        <test-method status="PASS" signature="loginPageTitleValidation()[pri:1, instance:com_TestCase.LoginPage_TestCase@1bce4f0a]" name="loginPageTitleValidation" duration-ms="6577" started-at="2020-07-13T02:24:43Z" finished-at="2020-07-13T02:24:50Z">
          <reporter-output>
          </reporter-output>
        </test-method> <!-- loginPageTitleValidation -->
        <test-method status="PASS" signature="LoginPageUIValidation()[pri:2, instance:com_TestCase.LoginPage_TestCase@1bce4f0a]" name="LoginPageUIValidation" duration-ms="297" started-at="2020-07-13T02:24:50Z" finished-at="2020-07-13T02:24:50Z">
          <reporter-output>
          </reporter-output>
        </test-method> <!-- LoginPageUIValidation -->
        <test-method status="PASS" signature="LoginValidation()[pri:3, instance:com_TestCase.LoginPage_TestCase@1bce4f0a]" name="LoginValidation" duration-ms="6841" started-at="2020-07-13T02:24:50Z" finished-at="2020-07-13T02:24:57Z">
          <reporter-output>
          </reporter-output>
        </test-method> <!-- LoginValidation -->
        <test-method status="PASS" signature="tearDown()[pri:0, instance:com_TestCase.LoginPage_TestCase@1bce4f0a]" name="tearDown" is-config="true" duration-ms="730" started-at="2020-07-13T02:24:57Z" finished-at="2020-07-13T02:24:57Z">
          <reporter-output>
          </reporter-output>
        </test-method> <!-- tearDown -->
      </class> <!-- com_TestCase.LoginPage_TestCase -->
    </test> <!-- Default test -->
  </suite> <!-- Default suite -->
</testng-results>
